

Processing domain "js.cdn.ac"
-- WHOIS-Domain: js.cdn.ac
-- WHOIS: INACTIVE
---- SCORE: 0%


Processing domain "eos.ac"
-- WHOIS-Domain: eos.ac
-- WHOIS: Active
-- DNS: Resolvable
-- WEB: Has HTTP/HTTPS connectivity
---- SCORE: 100%


Processing domain "gay.fix.ac"
-- WHOIS-Domain: gay.fix.ac
-- WHOIS: INACTIVE
---- SCORE: 0%


Processing domain "khbnrdxaqygnylfns.ac"
-- WHOIS-Domain: khbnrdxaqygnylfns.ac
-- WHOIS: Active
-- DNS: Resolvable
-- WEB: NO HTTP/HTTPS connectivity
---- SCORE: 75%


Processing domain "link.ac"
-- WHOIS-Domain: link.ac
-- WHOIS: Active
-- DNS: Resolvable
-- WEB: Has HTTP/HTTPS connectivity
---- SCORE: 100%


Processing domain "say.ac"
-- WHOIS-Domain: say.ac
-- WHOIS: Active
-- DNS: Resolvable
-- WEB: Has HTTP/HTTPS connectivity
---- SCORE: 100%


Processing domain "absop.academy"
-- WHOIS-Domain: absop.academy
-- WHOIS: Active
-- DNS: NOT Resolvable
---- SCORE: 25%


Processing domain "bittrex.academy"
-- WHOIS-Domain: bittrex.academy
-- WHOIS: Active
-- DNS: NOT Resolvable
---- SCORE: 25%


Processing domain "narbik.academy"
-- WHOIS-Domain: narbik.academy
-- WHOIS: Active
-- DNS: Resolvable
-- WEB: Has HTTP/HTTPS connectivity
---- SCORE: 100%


Processing domain "accountant"
-- WHOIS: Active
-- DNS: NOT Resolvable
---- SCORE: 25%


Processing domain "accountants"
-- WHOIS: Active
-- DNS: NOT Resolvable
---- SCORE: 25%


Processing domain "ad"
-- WHOIS: Active
-- DNS: NOT Resolvable
---- SCORE: 25%


Processing domain "adult"
-- WHOIS: Active
-- DNS: NOT Resolvable
---- SCORE: 25%


Processing domain "ads.7days.ae"
-- WHOIS-Domain: ads.7days.ae
---- WHOIS-Blacklisted: We are blacklisted for lookups for ads.7days.ae
-- WHOIS: Active
-- DNS: NOT Resolvable
---- SCORE: 25%


Processing domain "aba.ae"
-- WHOIS-Domain: aba.ae
---- WHOIS-Blacklisted: We are blacklisted for lookups for aba.ae
-- WHOIS: Active
-- DNS: Resolvable
-- WEB: Has HTTP/HTTPS connectivity
---- SCORE: 100%


Processing domain "advertica.ae"
-- WHOIS-Domain: advertica.ae
---- WHOIS-Blacklisted: We are blacklisted for lookups for advertica.ae
-- WHOIS: Active
-- DNS: Resolvable
-- WEB: Has HTTP/HTTPS connectivity
---- SCORE: 100%


Processing domain "alasriah.ae"
-- WHOIS-Domain: alasriah.ae
---- WHOIS-Blacklisted: We are blacklisted for lookups for alasriah.ae
-- WHOIS: Active
-- DNS: Resolvable
-- WEB: Has HTTP/HTTPS connectivity
---- SCORE: 100%


Processing domain "aviationclub.ae"
-- WHOIS-Domain: aviationclub.ae
---- WHOIS-Blacklisted: We are blacklisted for lookups for aviationclub.ae
-- WHOIS: Active
-- DNS: NOT Resolvable
---- SCORE: 25%


Processing domain "businesslinedubai.ae"
-- WHOIS-Domain: businesslinedubai.ae
---- WHOIS-Blacklisted: We are blacklisted for lookups for businesslinedubai.ae
-- WHOIS: Active
-- DNS: Resolvable
-- WEB: Has HTTP/HTTPS connectivity
---- SCORE: 100%


Processing domain "casejar.ae"
-- WHOIS-Domain: casejar.ae
---- WHOIS-Blacklisted: We are blacklisted for lookups for casejar.ae
-- WHOIS: Active
-- DNS: NOT Resolvable
---- SCORE: 25%


Processing domain "csgo.ae"
-- WHOIS-Domain: csgo.ae
---- WHOIS-Blacklisted: We are blacklisted for lookups for csgo.ae
-- WHOIS: Active
-- DNS: NOT Resolvable
---- SCORE: 25%


Processing domain "designmax.ae"
-- WHOIS-Domain: designmax.ae
---- WHOIS-Blacklisted: We are blacklisted for lookups for designmax.ae
-- WHOIS: Active
-- DNS: NOT Resolvable
---- SCORE: 25%


Processing domain "dubaiscout.ae"
-- WHOIS-Domain: dubaiscout.ae
---- WHOIS-Blacklisted: We are blacklisted for lookups for dubaiscout.ae
-- WHOIS: Active
-- DNS: Resolvable
-- WEB: Has HTTP/HTTPS connectivity
---- SCORE: 100%


Processing domain "ghaly.ae"
-- WHOIS-Domain: ghaly.ae
---- WHOIS-Blacklisted: We are blacklisted for lookups for ghaly.ae
-- WHOIS: Active
-- DNS: NOT Resolvable
---- SCORE: 25%


Processing domain "lh41.isolutions.ae"
-- WHOIS-Domain: lh41.isolutions.ae
---- WHOIS-Blacklisted: We are blacklisted for lookups for lh41.isolutions.ae
-- WHOIS: Active
-- DNS: NOT Resolvable
---- SCORE: 25%


Processing domain "ads.emirates.net.ae"
-- WHOIS-Domain: ads.emirates.net.ae
---- WHOIS-Blacklisted: We are blacklisted for lookups for ads.emirates.net.ae
-- WHOIS: Active
-- DNS: Resolvable
-- WEB: NO HTTP/HTTPS connectivity
---- SCORE: 75%


Processing domain "olympusacademy.ae"
-- WHOIS-Domain: olympusacademy.ae
---- WHOIS-Blacklisted: We are blacklisted for lookups for olympusacademy.ae
-- WHOIS: Active
-- DNS: NOT Resolvable
---- SCORE: 25%


Processing domain "parisgroup.ae"
-- WHOIS-Domain: parisgroup.ae
---- WHOIS-Blacklisted: We are blacklisted for lookups for parisgroup.ae
-- WHOIS: Active
-- DNS: Resolvable
-- WEB: Has HTTP/HTTPS connectivity
---- SCORE: 100%


Processing domain "pixeluae.ae"
-- WHOIS-Domain: pixeluae.ae
---- WHOIS-Blacklisted: We are blacklisted for lookups for pixeluae.ae
-- WHOIS: Active
-- DNS: NOT Resolvable
---- SCORE: 25%


Processing domain "royalintgulf.ae"
-- WHOIS-Domain: royalintgulf.ae
---- WHOIS-Blacklisted: We are blacklisted for lookups for royalintgulf.ae
-- WHOIS: Active
-- DNS: Resolvable
-- WEB: Has HTTP/HTTPS connectivity
---- SCORE: 100%


Processing domain "safetyking.ae"
-- WHOIS-Domain: safetyking.ae
---- WHOIS-Blacklisted: We are blacklisted for lookups for safetyking.ae
-- WHOIS: Active
-- DNS: Resolvable
-- WEB: Has HTTP/HTTPS connectivity
---- SCORE: 100%


Processing domain "shifawll1.ae"
-- WHOIS-Domain: shifawll1.ae
---- WHOIS-Blacklisted: We are blacklisted for lookups for shifawll1.ae
-- WHOIS: Active
-- DNS: Resolvable
-- WEB: Has HTTP/HTTPS connectivity
---- SCORE: 100%


Processing domain "sivec.ae"
-- WHOIS-Domain: sivec.ae
---- WHOIS-Blacklisted: We are blacklisted for lookups for sivec.ae
-- WHOIS: Active
-- DNS: Resolvable
-- WEB: Has HTTP/HTTPS connectivity
---- SCORE: 100%


Processing domain "starwish.ae"
-- WHOIS-Domain: starwish.ae
---- WHOIS-Blacklisted: We are blacklisted for lookups for starwish.ae
-- WHOIS: Active
-- DNS: Resolvable
-- WEB: Has HTTP/HTTPS connectivity
---- SCORE: 100%


Processing domain "toners.ae"
-- WHOIS-Domain: toners.ae
---- WHOIS-Blacklisted: We are blacklisted for lookups for toners.ae
-- WHOIS: Active
-- DNS: NOT Resolvable
---- SCORE: 25%


Processing domain "visualminds.ae"
-- WHOIS-Domain: visualminds.ae
---- WHOIS-Blacklisted: We are blacklisted for lookups for visualminds.ae
-- WHOIS: Active
-- DNS: Resolvable
-- WEB: Has HTTP/HTTPS connectivity
---- SCORE: 100%


Processing domain "westmarine.ae"
-- WHOIS-Domain: westmarine.ae
---- WHOIS-Blacklisted: We are blacklisted for lookups for westmarine.ae
-- WHOIS: Active
-- DNS: Resolvable
-- WEB: Has HTTP/HTTPS connectivity
---- SCORE: 100%


Processing domain "znapapp.ae"
-- WHOIS-Domain: znapapp.ae
---- WHOIS-Blacklisted: We are blacklisted for lookups for znapapp.ae
-- WHOIS: Active
-- DNS: Resolvable
-- WEB: Has HTTP/HTTPS connectivity
---- SCORE: 100%


Processing domain "berger.aero"
-- WHOIS-Domain: berger.aero
-- WHOIS: Active
-- DNS: Resolvable
-- WEB: Has HTTP/HTTPS connectivity
---- SCORE: 100%


Processing domain "inertia.af"
-- WHOIS-Domain: inertia.af
-- WHOIS: Active
-- DNS: Resolvable
-- WEB: Has HTTP/HTTPS connectivity
---- SCORE: 100%


Processing domain "nl.af"
-- WHOIS-Domain: nl.af
-- WHOIS: Active
-- DNS: NOT Resolvable
---- SCORE: 25%


Processing domain "miningpool.africa"
-- WHOIS-Domain: miningpool.africa
-- WHOIS: Active
-- DNS: NOT Resolvable
---- SCORE: 25%


Processing domain "1vice.ag"
-- WHOIS-Domain: 1vice.ag
-- WHOIS: Active
-- DNS: Resolvable
-- WEB: Has HTTP/HTTPS connectivity
---- SCORE: 100%


Processing domain "abcislands.ag"
-- WHOIS-Domain: abcislands.ag
-- WHOIS: Active
-- DNS: Resolvable
-- WEB: Has HTTP/HTTPS connectivity
---- SCORE: 100%


Processing domain "allhorseracing.ag"
-- WHOIS-Domain: allhorseracing.ag
-- WHOIS: Active
-- DNS: Resolvable
-- WEB: Has HTTP/HTTPS connectivity
---- SCORE: 100%


Processing domain "allyoubet.ag"
-- WHOIS-Domain: allyoubet.ag
-- WHOIS: Active
-- DNS: Resolvable
-- WEB: Has HTTP/HTTPS connectivity
---- SCORE: 100%


Processing domain "aspi.ag"
-- WHOIS-Domain: aspi.ag
-- WHOIS: Active
-- DNS: Resolvable
-- WEB: Has HTTP/HTTPS connectivity
---- SCORE: 100%


Processing domain "belmont.ag"
-- WHOIS-Domain: belmont.ag
-- WHOIS: Active
-- DNS: NOT Resolvable
---- SCORE: 25%


Processing domain "bet2win.ag"
-- WHOIS-Domain: bet2win.ag
-- WHOIS: Active
-- DNS: Resolvable
-- WEB: Has HTTP/HTTPS connectivity
---- SCORE: 100%


Processing domain "betcoin.ag"
-- WHOIS-Domain: betcoin.ag
-- WHOIS: Active
-- DNS: Resolvable
-- WEB: Has HTTP/HTTPS connectivity
---- SCORE: 100%


Processing domain "betcostarica.ag"
-- WHOIS-Domain: betcostarica.ag
-- WHOIS: Active
-- DNS: Resolvable
-- WEB: Has HTTP/HTTPS connectivity
---- SCORE: 100%


Processing domain "betmania.ag"
-- WHOIS-Domain: betmania.ag
-- WHOIS: Active
-- DNS: Resolvable
-- WEB: Has HTTP/HTTPS connectivity
---- SCORE: 100%


Processing domain "betodds.ag"
-- WHOIS-Domain: betodds.ag
-- WHOIS: Active
-- DNS: Resolvable
-- WEB: Has HTTP/HTTPS connectivity
---- SCORE: 100%


Processing domain "betonline.ag"
-- WHOIS-Domain: betonline.ag
-- WHOIS: Active
-- DNS: Resolvable
-- WEB: Has HTTP/HTTPS connectivity
---- SCORE: 100%


Processing domain "betonusa.ag"
-- WHOIS-Domain: betonusa.ag
-- WHOIS: Active
-- DNS: Resolvable
-- WEB: Has HTTP/HTTPS connectivity
---- SCORE: 100%


Processing domain "betphoenix.ag"
-- WHOIS-Domain: betphoenix.ag
-- WHOIS: Active
-- DNS: Resolvable
-- WEB: Has HTTP/HTTPS connectivity
---- SCORE: 100%


Processing domain "betplatinum.ag"
-- WHOIS-Domain: betplatinum.ag
-- WHOIS: Active
-- DNS: Resolvable
-- WEB: Has HTTP/HTTPS connectivity
---- SCORE: 100%


Processing domain "betusa.ag"
-- WHOIS-Domain: betusa.ag
-- WHOIS: Active
-- DNS: Resolvable
-- WEB: Has HTTP/HTTPS connectivity
---- SCORE: 100%


Processing domain "bingohall.ag"
-- WHOIS-Domain: bingohall.ag
-- WHOIS: Active
-- DNS: Resolvable
-- WEB: Has HTTP/HTTPS connectivity
---- SCORE: 100%


Processing domain "carbonpoker.ag"
-- WHOIS-Domain: carbonpoker.ag
-- WHOIS: Active
-- DNS: Resolvable
-- WEB: Has HTTP/HTTPS connectivity
---- SCORE: 100%


Processing domain "carbonsports.ag"
-- WHOIS-Domain: carbonsports.ag
-- WHOIS: Active
-- DNS: NOT Resolvable
---- SCORE: 25%


Processing domain "clickngamble.ag"
-- WHOIS-Domain: clickngamble.ag
-- WHOIS: Active
-- DNS: Resolvable
-- WEB: Has HTTP/HTTPS connectivity
---- SCORE: 100%


Processing domain "crsportsbet.ag"
-- WHOIS-Domain: crsportsbet.ag
-- WHOIS: Active
-- DNS: Resolvable
-- WEB: Has HTTP/HTTPS connectivity
---- SCORE: 100%


Processing domain "de.ag"
-- WHOIS-Domain: de.ag
-- WHOIS: Active
-- DNS: Resolvable
-- WEB: Has HTTP/HTTPS connectivity
---- SCORE: 100%


Processing domain "angelphotos.dr.ag"
-- WHOIS-Domain: angelphotos.dr.ag
-- WHOIS: INACTIVE
---- SCORE: 0%


Processing domain "ezbets.ag"
-- WHOIS-Domain: ezbets.ag
-- WHOIS: Active
-- DNS: Resolvable
-- WEB: Has HTTP/HTTPS connectivity
---- SCORE: 100%


Processing domain "gohorsebetting.ag"
-- WHOIS-Domain: gohorsebetting.ag
-- WHOIS: Active
-- DNS: Resolvable
-- WEB: Has HTTP/HTTPS connectivity
---- SCORE: 100%


Processing domain "hrwager.ag"
-- WHOIS-Domain: hrwager.ag
-- WHOIS: Active
-- DNS: Resolvable
-- WEB: Has HTTP/HTTPS connectivity
---- SCORE: 100%


Processing domain "jazzsports.ag"
-- WHOIS-Domain: jazzsports.ag
-- WHOIS: Active
-- DNS: Resolvable
-- WEB: Has HTTP/HTTPS connectivity
---- SCORE: 100%


Processing domain "livesports.ag"
-- WHOIS-Domain: livesports.ag
-- WHOIS: Active
-- DNS: Resolvable
-- WEB: Has HTTP/HTTPS connectivity
---- SCORE: 100%


Processing domain "lowvig.ag"
-- WHOIS-Domain: lowvig.ag
-- WHOIS: Active
-- DNS: Resolvable
-- WEB: Has HTTP/HTTPS connectivity
---- SCORE: 100%


Processing domain "mvpaction.ag"
-- WHOIS-Domain: mvpaction.ag
-- WHOIS: INACTIVE
---- SCORE: 0%


Processing domain "mybookie.ag"
-- WHOIS-Domain: mybookie.ag
